<?xml version="1.0" encoding="UTF-8"?>
<!-- Generated by org.testng.reporters.JUnitReportReporter -->
<testsuite hostname="LAPTOP-61H1A1R7" failures="0" tests="5" name="karmaYogi.AverageResponseTime" time="134.157" errors="0" timestamp="2025-04-08T00:27:51 IST" skipped="0">
  <testcase classname="karmaYogi.AverageResponseTime" name="measurePageLoadTime" time="25.576"/>
  <testcase classname="karmaYogi.AverageResponseTime" name="measurePageLoadTime" time="27.519"/>
  <testcase classname="karmaYogi.AverageResponseTime" name="measurePageLoadTime" time="27.563"/>
  <testcase classname="karmaYogi.AverageResponseTime" name="measurePageLoadTime" time="27.461"/>
  <testcase classname="karmaYogi.AverageResponseTime" name="measurePageLoadTime" time="26.038"/>
</testsuite> <!-- karmaYogi.AverageResponseTime -->
