<?xml version="1.0" encoding="UTF-8"?>
<!-- Generated by org.testng.reporters.JUnitReportReporter -->
<testsuite hostname="LAPTOP-61H1A1R7" failures="0" tests="5" name="karmaYogi.AverageResponseTime" time="309.157" errors="0" timestamp="2025-04-10T01:38:56 IST" skipped="0">
  <testcase classname="karmaYogi.AverageResponseTime" name="testPageLoadAndCaptureApis" time="60.901"/>
  <testcase classname="karmaYogi.AverageResponseTime" name="testPageLoadAndCaptureApis" time="61.571"/>
  <testcase classname="karmaYogi.AverageResponseTime" name="testPageLoadAndCaptureApis" time="61.805"/>
  <testcase classname="karmaYogi.AverageResponseTime" name="testPageLoadAndCaptureApis" time="61.898"/>
  <testcase classname="karmaYogi.AverageResponseTime" name="testPageLoadAndCaptureApis" time="62.982"/>
</testsuite> <!-- karmaYogi.AverageResponseTime -->
